 beta_a0=  1.500000000000000E-002
 total_energy_e,i,a=   89.0101553175253       0.000000000000000E+000
   122.949749042448     

load alpha particles
total_e=   4.44443E+04
total_epara=   1.48142E+04
temp_p=   1.95781E-01
average r=   5.30106E+01
average z=   1.60021E+01
average phi=   7.85113E-01
average mom=   2.55963E-04
factor =    2.76638E-03



kstep=       0  t=   0.00000E+00
kstep=    1000  t=   2.00000E+02
kstep=    2000  t=   4.00000E+02
kstep=    3000  t=   6.00000E+02
kstep=    4000  t=   8.00000E+02
kstep=    5000  t=   1.00000E+03
kstep=    6000  t=   1.20000E+03
kstep=    7000  t=   1.40000E+03
kstep=    8000  t=   1.60000E+03
kstep=    9000  t=   1.80000E+03
kstep=   10000  t=   2.00000E+03
kstep=   11000  t=   2.20000E+03
kstep=   12000  t=   2.40000E+03
kstep=   13000  t=   2.60000E+03
kstep=   14000  t=   2.80000E+03
kstep=   15000  t=   3.00000E+03
kstep=   16000  t=   3.20000E+03
kstep=   17000  t=   3.40000E+03
kstep=   18000  t=   3.60000E+03
kstep=   19000  t=   3.80000E+03
kstep=   20000  t=   4.00000E+03
kstep=   21000  t=   4.20000E+03
kstep=   22000  t=   4.40000E+03
kstep=   23000  t=   4.60000E+03
kstep=   24000  t=   4.80000E+03
kstep=   25000  t=   5.00000E+03
kstep=   26000  t=   5.20000E+03
kstep=   27000  t=   5.40000E+03
kstep=   28000  t=   5.60000E+03
kstep=   29000  t=   5.80000E+03
kstep=   30000  t=   6.00000E+03
kstep=   31000  t=   6.20000E+03
kstep=   32000  t=   6.40000E+03
kstep=   33000  t=   6.60000E+03
kstep=   34000  t=   6.80000E+03
kstep=   35000  t=   7.00000E+03
kstep=   36000  t=   7.20000E+03
kstep=   37000  t=   7.40000E+03
kstep=   38000  t=   7.60000E+03
kstep=   39000  t=   7.80000E+03
kstep=   40000  t=   8.00000E+03
kstep=   41000  t=   8.20000E+03
kstep=   42000  t=   8.40000E+03
kstep=   43000  t=   8.60000E+03
kstep=   44000  t=   8.80000E+03
kstep=   45000  t=   9.00000E+03
kstep=   46000  t=   9.20000E+03
kstep=   47000  t=   9.40000E+03
kstep=   48000  t=   9.60000E+03
kstep=   49000  t=   9.80000E+03
kstep=   50000  t=   1.00000E+04
kstep=   51000  t=   1.02000E+04
kstep=   52000  t=   1.04000E+04
kstep=   53000  t=   1.06000E+04
kstep=   54000  t=   1.08000E+04
kstep=   55000  t=   1.10000E+04
kstep=   56000  t=   1.12000E+04
kstep=   57000  t=   1.14000E+04
kstep=   58000  t=   1.16000E+04
kstep=   59000  t=   1.18000E+04
kstep=   60000  t=   1.20000E+04
kstep=   61000  t=   1.22000E+04
kstep=   62000  t=   1.24000E+04
kstep=   63000  t=   1.26000E+04
kstep=   64000  t=   1.28000E+04
kstep=   65000  t=   1.30000E+04
kstep=   66000  t=   1.32000E+04
kstep=   67000  t=   1.34000E+04
kstep=   68000  t=   1.36000E+04
kstep=   69000  t=   1.38000E+04
kstep=   70000  t=   1.40000E+04
kstep=   71000  t=   1.42000E+04
kstep=   72000  t=   1.44000E+04
kstep=   73000  t=   1.46000E+04
kstep=   74000  t=   1.48000E+04
kstep=   75000  t=   1.50000E+04
kstep=   76000  t=   1.52000E+04
kstep=   77000  t=   1.54000E+04
kstep=   78000  t=   1.56000E+04
kstep=   79000  t=   1.58000E+04
kstep=   80000  t=   1.60000E+04
kstep=   81000  t=   1.62000E+04
kstep=   82000  t=   1.64000E+04
kstep=   83000  t=   1.66000E+04
kstep=   84000  t=   1.68000E+04
kstep=   85000  t=   1.70000E+04
kstep=   86000  t=   1.72000E+04
kstep=   87000  t=   1.74000E+04
kstep=   88000  t=   1.76000E+04
kstep=   89000  t=   1.78000E+04
kstep=   90000  t=   1.80000E+04
kstep=   91000  t=   1.82000E+04
kstep=   92000  t=   1.84000E+04
kstep=   93000  t=   1.86000E+04
kstep=   94000  t=   1.88000E+04
kstep=   95000  t=   1.90000E+04
kstep=   96000  t=   1.92000E+04
kstep=   97000  t=   1.94000E+04
kstep=   98000  t=   1.96000E+04
kstep=   99000  t=   1.98000E+04
kstep=  100000  t=   2.00000E+04
kstep=  101000  t=   2.02000E+04
kstep=  102000  t=   2.04000E+04
kstep=  103000  t=   2.06000E+04
kstep=  104000  t=   2.08000E+04
kstep=  105000  t=   2.10000E+04
kstep=  106000  t=   2.12000E+04
kstep=  107000  t=   2.14000E+04
kstep=  108000  t=   2.16000E+04
kstep=  109000  t=   2.18000E+04
kstep=  110000  t=   2.20000E+04
kstep=  111000  t=   2.22000E+04
kstep=  112000  t=   2.24000E+04
kstep=  113000  t=   2.26000E+04
kstep=  114000  t=   2.28000E+04
kstep=  115000  t=   2.30000E+04
kstep=  116000  t=   2.32000E+04
kstep=  117000  t=   2.34000E+04
kstep=  118000  t=   2.36000E+04
kstep=  119000  t=   2.38000E+04
kstep=  120000  t=   2.40000E+04
kstep=  121000  t=   2.42000E+04
kstep=  122000  t=   2.44000E+04
kstep=  123000  t=   2.46000E+04
kstep=  124000  t=   2.48000E+04
kstep=  125000  t=   2.50000E+04
kstep=  126000  t=   2.52000E+04
kstep=  127000  t=   2.54000E+04
kstep=  128000  t=   2.56000E+04
kstep=  129000  t=   2.58000E+04
kstep=  130000  t=   2.60000E+04
kstep=  131000  t=   2.62000E+04
kstep=  132000  t=   2.64000E+04
kstep=  133000  t=   2.66000E+04
kstep=  134000  t=   2.68000E+04
kstep=  135000  t=   2.70000E+04
kstep=  136000  t=   2.72000E+04
kstep=  137000  t=   2.74000E+04
kstep=  138000  t=   2.76000E+04
kstep=  139000  t=   2.78000E+04
kstep=  140000  t=   2.80000E+04
kstep=  141000  t=   2.82000E+04
kstep=  142000  t=   2.84000E+04
kstep=  143000  t=   2.86000E+04
kstep=  144000  t=   2.88000E+04
kstep=  145000  t=   2.90000E+04
kstep=  146000  t=   2.92000E+04
kstep=  147000  t=   2.94000E+04
kstep=  148000  t=   2.96000E+04
kstep=  149000  t=   2.98000E+04
kstep=  150000  t=   3.00000E+04
kstep=  151000  t=   3.02000E+04
kstep=  152000  t=   3.04000E+04
kstep=  153000  t=   3.06000E+04
kstep=  154000  t=   3.08000E+04
kstep=  155000  t=   3.10000E+04
kstep=  156000  t=   3.12000E+04
kstep=  157000  t=   3.14000E+04
kstep=  158000  t=   3.16000E+04
kstep=  159000  t=   3.18000E+04
kstep=  160000  t=   3.20000E+04
kstep=  161000  t=   3.22000E+04
kstep=  162000  t=   3.24000E+04
kstep=  163000  t=   3.26000E+04
kstep=  164000  t=   3.28000E+04
kstep=  165000  t=   3.30000E+04
kstep=  166000  t=   3.32000E+04
kstep=  167000  t=   3.34000E+04
kstep=  168000  t=   3.36000E+04
kstep=  169000  t=   3.38000E+04
kstep=  170000  t=   3.40000E+04
kstep=  171000  t=   3.42000E+04
kstep=  172000  t=   3.44000E+04
kstep=  173000  t=   3.46000E+04
kstep=  174000  t=   3.48000E+04
kstep=  175000  t=   3.50000E+04
kstep=  176000  t=   3.52000E+04
kstep=  177000  t=   3.54000E+04
kstep=  178000  t=   3.56000E+04
kstep=  179000  t=   3.58000E+04
kstep=  180000  t=   3.60000E+04
kstep=  181000  t=   3.62000E+04
kstep=  182000  t=   3.64000E+04
kstep=  183000  t=   3.66000E+04
kstep=  184000  t=   3.68000E+04
kstep=  185000  t=   3.70000E+04
kstep=  186000  t=   3.72000E+04
kstep=  187000  t=   3.74000E+04
kstep=  188000  t=   3.76000E+04
kstep=  189000  t=   3.78000E+04
kstep=  190000  t=   3.80000E+04
kstep=  191000  t=   3.82000E+04
kstep=  192000  t=   3.84000E+04
kstep=  193000  t=   3.86000E+04
kstep=  194000  t=   3.88000E+04
kstep=  195000  t=   3.90000E+04
kstep=  196000  t=   3.92000E+04
kstep=  197000  t=   3.94000E+04
kstep=  198000  t=   3.96000E+04
kstep=  199000  t=   3.98000E+04
kstep=  200000  t=   4.00000E+04
kstep=  201000  t=   4.02000E+04
kstep=  202000  t=   4.04000E+04
kstep=  203000  t=   4.06000E+04
kstep=  204000  t=   4.08000E+04
kstep=  205000  t=   4.10000E+04
kstep=  206000  t=   4.12000E+04
kstep=  207000  t=   4.14000E+04
kstep=  208000  t=   4.16000E+04
kstep=  209000  t=   4.18000E+04
kstep=  210000  t=   4.20000E+04
kstep=  211000  t=   4.22000E+04
kstep=  212000  t=   4.24000E+04
kstep=  213000  t=   4.26000E+04
kstep=  214000  t=   4.28000E+04
kstep=  215000  t=   4.30000E+04
kstep=  216000  t=   4.32000E+04
kstep=  217000  t=   4.34000E+04
kstep=  218000  t=   4.36000E+04
kstep=  219000  t=   4.38000E+04
kstep=  220000  t=   4.40000E+04
kstep=  221000  t=   4.42000E+04
kstep=  222000  t=   4.44000E+04
kstep=  223000  t=   4.46000E+04
kstep=  224000  t=   4.48000E+04
kstep=  225000  t=   4.50000E+04
kstep=  226000  t=   4.52000E+04
kstep=  227000  t=   4.54000E+04
kstep=  228000  t=   4.56000E+04
kstep=  229000  t=   4.58000E+04
kstep=  230000  t=   4.60000E+04
kstep=  231000  t=   4.62000E+04
kstep=  232000  t=   4.64000E+04
kstep=  233000  t=   4.66000E+04
kstep=  234000  t=   4.68000E+04
kstep=  235000  t=   4.70000E+04
kstep=  236000  t=   4.72000E+04
kstep=  237000  t=   4.74000E+04
kstep=  238000  t=   4.76000E+04
kstep=  239000  t=   4.78000E+04
kstep=  240000  t=   4.80000E+04
kstep=  241000  t=   4.82000E+04
kstep=  242000  t=   4.84000E+04
kstep=  243000  t=   4.86000E+04
kstep=  244000  t=   4.88000E+04
kstep=  245000  t=   4.90000E+04
kstep=  246000  t=   4.92000E+04
kstep=  247000  t=   4.94000E+04
kstep=  248000  t=   4.96000E+04
kstep=  249000  t=   4.98000E+04
kstep=  250000  t=   5.00000E+04

number of injected particles=        0
tstart=   4.67028E+00
tloop =   8.79234E+03
tend  =   3.08548E-03
